[22:19:51] [main/INFO]: Setting user: Player562
[22:19:52] [Client thread/INFO]: LWJGL Version: 2.9.1
[22:20:00] [Client thread/INFO]: Reloading ResourceManager: Default, FMLFileResourcePack:Forge Mod Loader, FMLFileResourcePack:Minecraft Forge, FMLFileResourcePack:Botania-Energistics, FMLFileResourcePack:Applied Energistics 2, FMLFileResourcePack:Baubles, FMLFileResourcePack:Botania
[22:20:04] [Sound Library Loader/INFO]: Sound engine started
[22:20:13] [Client thread/INFO]: Created: 1024x512 textures/blocks-atlas
[22:20:13] [Client thread/INFO]: Created: 512x512 textures/items-atlas
[22:20:15] [Client thread/INFO]: Reloading ResourceManager: Default, FMLFileResourcePack:Forge Mod Loader, FMLFileResourcePack:Minecraft Forge, FMLFileResourcePack:Botania-Energistics, FMLFileResourcePack:Applied Energistics 2, FMLFileResourcePack:Baubles, FMLFileResourcePack:Botania
[22:20:15] [Client thread/INFO]: Created: 512x512 textures/items-atlas
[22:20:16] [Client thread/INFO]: Created: 1024x512 textures/blocks-atlas
[22:20:17] [Sound Library Loader/INFO]: Sound engine started
[22:22:17] [Server thread/INFO]: Starting integrated minecraft server version 1.7.10
[22:22:17] [Server thread/INFO]: Generating keypair
[22:22:23] [Server thread/INFO]: Preparing start region for level 0
[22:22:24] [Server thread/INFO]: Changing view distance to 12, from 10
[22:22:24] [Server thread/INFO]: Player562[local:E:56a14a29] logged in with entity id 319 at (-227.5, 70.0, 206.5)
[22:22:24] [Server thread/INFO]: Player562 joined the game
[22:22:27] [Server thread/INFO]: Player562 has just earned the achievement [Taking Inventory]
[22:22:27] [Client thread/INFO]: [CHAT] Player562 has just earned the achievement [Taking Inventory]
[22:22:36] [Client thread/INFO]: Stopping!
[22:22:36] [Server thread/INFO]: Stopping server
[22:22:36] [Server thread/INFO]: Saving players
[22:22:36] [Server thread/INFO]: Saving worlds
[22:22:36] [Server thread/INFO]: Saving chunks for level 'New World'/Overworld
[22:22:36] [Server thread/INFO]: Saving chunks for level 'New World'/Nether
[22:22:36] [Server thread/INFO]: Saving chunks for level 'New World'/The End
[22:22:37] [Client Shutdown Thread/INFO]: Stopping server
[22:22:37] [Client Shutdown Thread/INFO]: Saving players
